Arguments: 
  /usr/local/bin/node /usr/local/bin/yarn add nodemon -d

PATH: 
  /usr/local/sbin:/usr/local/bin:/usr/sbin:/usr/bin:/sbin:/bin:/usr/games:/usr/local/games:/snap/bin

Yarn version: 
  1.22.10

Node version: 
  16.8.0

Platform: 
  linux x64

Trace: 
  SyntaxError: /home/matheus/Documentos/node-rest/package.json: Unexpected token } in JSON at position 193
      at JSON.parse (<anonymous>)
      at /usr/local/lib/node_modules/yarn/lib/cli.js:1625:59
      at Generator.next (<anonymous>)
      at step (/usr/local/lib/node_modules/yarn/lib/cli.js:310:30)
      at /usr/local/lib/node_modules/yarn/lib/cli.js:321:13

npm manifest: 
  {
    "name": "projetp",
    "version": "1.0.0",
    "description": "",
    "main": "index.js",
    "scripts": {
      "start":"node index.js",
      "test": "echo \"Error: no test specified\" && exit 1",
    },
    "author": "Matheus Nunes",
    "license": "ISC",
    "dependencies": {
      "express": "^4.17.1"
    }
  }

yarn manifest: 
  No manifest

Lockfile: 
  No lockfile
